<?xml version="1.0" encoding="UTF-8"?>
<!-- Generated by org.testng.reporters.JUnitXMLReporter -->
<testsuite ignored="0" hostname="DESKTOP-5903S8A" failures="1" tests="1" name="Test" time="1.605" errors="0" timestamp="2023-05-30T15:18:12 BDT">
  <testcase classname="io.cucumber.testng.AbstractTestNGCucumberTests" name="runScenario" time="0.191">
    <failure type="java.lang.NullPointerException" message="Cannot invoke &amp;quot;java.util.Properties.getProperty(String)&amp;quot; because &amp;quot;this.prop&amp;quot; is null">
      <![CDATA[java.lang.NullPointerException: Cannot invoke "java.util.Properties.getProperty(String)" because "this.prop" is null
at stepDefinitions.Reg.user_go_to_the_nopcommerce_home_page(Reg.java:24)
at ✽.User go to the NopCommerce Home page(file:///E:/Java%20folder/ShopCart/src/test/java/feature/RegistrationSteps.feature:6)
]]>
    </failure>
  </testcase> <!-- runScenario -->
</testsuite> <!-- Test -->
