<?xml version="1.0" encoding="UTF-8"?>
<testng-results ignored="0" total="1" passed="0" failed="1" skipped="0">
  <reporter-output>
  </reporter-output>
  <suite started-at="2023-05-30T15:18:10 BDT" name="Suite" finished-at="2023-05-30T15:18:12 BDT" duration-ms="1605">
    <groups>
      <group name="cucumber">
        <method signature="AbstractTestNGCucumberTests.runScenario(io.cucumber.testng.PickleWrapper,io.cucumber.testng.FeatureWrapper)[pri:0, instance:runner.Runner@37afeb11]" name="runScenario" class="io.cucumber.testng.AbstractTestNGCucumberTests"/>
      </group> <!-- cucumber -->
    </groups>
    <test started-at="2023-05-30T15:18:10 BDT" name="Test" finished-at="2023-05-30T15:18:12 BDT" duration-ms="1605">
      <class name="runner.Runner">
        <test-method is-config="true" signature="setUpClass(org.testng.ITestContext)[pri:0, instance:runner.Runner@37afeb11]" started-at="2023-05-30T15:18:10 BDT" name="setUpClass" finished-at="2023-05-30T15:18:12 BDT" duration-ms="1313" status="PASS">
          <params>
            <param index="0">
              <value>
                <![CDATA[org.testng.TestRunner@6436a7db]]>
              </value>
            </param>
          </params>
          <reporter-output>
          </reporter-output>
        </test-method> <!-- setUpClass -->
        <test-method signature="runScenario(io.cucumber.testng.PickleWrapper,io.cucumber.testng.FeatureWrapper)[pri:0, instance:runner.Runner@37afeb11]" started-at="2023-05-30T15:18:12 BDT" name="runScenario" description="Runs Cucumber Scenarios" data-provider="scenarios" finished-at="2023-05-30T15:18:12 BDT" duration-ms="191" status="FAIL">
          <params>
            <param index="0">
              <value>
                <![CDATA["User should be able to registration new account successfully"]]>
              </value>
            </param>
            <param index="1">
              <value>
                <![CDATA["Optional[Nopcommerce registration feature Test]"]]>
              </value>
            </param>
          </params>
          <exception class="java.lang.NullPointerException">
            <message>
              <![CDATA[Cannot invoke "java.util.Properties.getProperty(String)" because "this.prop" is null]]>
            </message>
            <full-stacktrace>
              <![CDATA[java.lang.NullPointerException: Cannot invoke "java.util.Properties.getProperty(String)" because "this.prop" is null
at stepDefinitions.Reg.user_go_to_the_nopcommerce_home_page(Reg.java:24)
at ✽.User go to the NopCommerce Home page(file:///E:/Java%20folder/ShopCart/src/test/java/feature/RegistrationSteps.feature:6)
]]>
            </full-stacktrace>
          </exception> <!-- java.lang.NullPointerException -->
          <reporter-output>
          </reporter-output>
        </test-method> <!-- runScenario -->
        <test-method is-config="true" signature="tearDownClass()[pri:0, instance:runner.Runner@37afeb11]" started-at="2023-05-30T15:18:12 BDT" name="tearDownClass" finished-at="2023-05-30T15:18:12 BDT" duration-ms="36" status="PASS">
          <reporter-output>
          </reporter-output>
        </test-method> <!-- tearDownClass -->
      </class> <!-- runner.Runner -->
    </test> <!-- Test -->
  </suite> <!-- Suite -->
</testng-results>
