<?xml version="1.0" encoding="UTF-8"?>
<!-- Generated by org.testng.reporters.JUnitReportReporter -->
<testsuite hostname="DESKTOP-5903S8A" failures="0" tests="1" name="runner.Runner" time="0.191" errors="1" timestamp="2023-05-30T15:18:14 BDT" skipped="0">
  <testcase classname="runner.Runner" name="runScenario" time="0.191">
    <error message="Cannot invoke &quot;java.util.Properties.getProperty(String)&quot; because &quot;this.prop&quot; is null" type="java.lang.NullPointerException">
      <![CDATA[java.lang.NullPointerException: Cannot invoke "java.util.Properties.getProperty(String)" because "this.prop" is null
at stepDefinitions.Reg.user_go_to_the_nopcommerce_home_page(Reg.java:24)
at ✽.User go to the NopCommerce Home page(file:///E:/Java%20folder/ShopCart/src/test/java/feature/RegistrationSteps.feature:6)
]]>
    </error>
  </testcase> <!-- runScenario -->
  <system-out/>
</testsuite> <!-- runner.Runner -->
